<?xml version="1.0" encoding="UTF-8"?><testrun name="SortToolsTest (1)" project="Project 1" tests="3" started="3" failures="1" errors="0" ignored="0">
  <testsuite name="assignment1.SortToolsTest" time="0.003">
    <testcase name="testFindFoundFull" classname="assignment1.SortToolsTest" time="0.0"/>
    <testcase name="testIsSorted" classname="assignment1.SortToolsTest" time="0.0"/>
    <testcase name="testInsertGeneralPartialEnd" classname="assignment1.SortToolsTest" time="0.003">
      <failure>arrays first differed at element [0]; expected:&lt;10&gt; but was:&lt;5&gt;&#13;
	at org.junit.internal.ComparisonCriteria.arrayEquals(ComparisonCriteria.java:55)&#13;
	at org.junit.Assert.internalArrayEquals(Assert.java:532)&#13;
	at org.junit.Assert.assertArrayEquals(Assert.java:416)&#13;
	at org.junit.Assert.assertArrayEquals(Assert.java:427)&#13;
	at assignment1.SortToolsTest.testInsertGeneralPartialEnd(SortToolsTest.java:40)&#13;
	at sun.reflect.NativeMethodAccessorImpl.invoke0(Native Method)&#13;
	at sun.reflect.NativeMethodAccessorImpl.invoke(Unknown Source)&#13;
	at sun.reflect.DelegatingMethodAccessorImpl.invoke(Unknown Source)&#13;
	at java.lang.reflect.Method.invoke(Unknown Source)&#13;
	at org.junit.runners.model.FrameworkMethod$1.runReflectiveCall(FrameworkMethod.java:50)&#13;
	at org.junit.internal.runners.model.ReflectiveCallable.run(ReflectiveCallable.java:12)&#13;
	at org.junit.runners.model.FrameworkMethod.invokeExplosively(FrameworkMethod.java:47)&#13;
	at org.junit.internal.runners.statements.InvokeMethod.evaluate(InvokeMethod.java:17)&#13;
	at org.junit.internal.runners.statements.FailOnTimeout$CallableStatement.call(FailOnTimeout.java:298)&#13;
	at org.junit.internal.runners.statements.FailOnTimeout$CallableStatement.call(FailOnTimeout.java:292)&#13;
	at java.util.concurrent.FutureTask.run(Unknown Source)&#13;
	at java.lang.Thread.run(Unknown Source)&#13;
Caused by: java.lang.AssertionError: expected:&lt;10&gt; but was:&lt;5&gt;&#13;
	at org.junit.Assert.fail(Assert.java:88)&#13;
	at org.junit.Assert.failNotEquals(Assert.java:834)&#13;
	at org.junit.Assert.assertEquals(Assert.java:118)&#13;
	at org.junit.Assert.assertEquals(Assert.java:144)&#13;
	at org.junit.internal.ExactComparisonCriteria.assertElementsEqual(ExactComparisonCriteria.java:8)&#13;
	at org.junit.internal.ComparisonCriteria.arrayEquals(ComparisonCriteria.java:53)&#13;
	... 16 more&#13;
&#13;
</failure>
    </testcase>
  </testsuite>
</testrun>
